<?xml version="1.0" encoding="UTF-8"?>
<!-- Generated by org.testng.reporters.JUnitReportReporter -->
<testsuite skipped="0" hostname="SianKotha" name="gov.sfwmd.Selenium.PumpingSiteStatus.BCB7test" tests="1" failures="0" timestamp="09 Nov 2020 22:45:27 GMT" time="11.096" errors="0">
  <testcase name="BCB24test" time="11.096" classname="gov.sfwmd.Selenium.PumpingSiteStatus.BCB7test"/>
</testsuite> <!-- gov.sfwmd.Selenium.PumpingSiteStatus.BCB7test -->
