<?xml version="1.0" encoding="UTF-8"?>
<!-- Generated by org.testng.reporters.JUnitReportReporter -->
<testsuite skipped="0" hostname="SianKotha" name="gov.sfwmd.Selenium.PumpingSiteStatus.BCB24test" tests="1" failures="0" timestamp="09 Nov 2020 22:45:27 GMT" time="9.391" errors="0">
  <testcase name="BCBtest" time="9.391" classname="gov.sfwmd.Selenium.PumpingSiteStatus.BCB24test"/>
</testsuite> <!-- gov.sfwmd.Selenium.PumpingSiteStatus.BCB24test -->
