<?xml version="1.0" encoding="UTF-8"?>
<!-- Generated by org.testng.reporters.JUnitReportReporter -->
<testsuite skipped="0" hostname="SianKotha" name="gov.sfwmd.Selenium.PumpingSiteStatus.SiteSTAtest" tests="1" failures="0" timestamp="09 Nov 2020 22:45:27 GMT" time="24.609" errors="0">
  <testcase name="checkval" time="24.609" classname="gov.sfwmd.Selenium.PumpingSiteStatus.SiteSTAtest"/>
</testsuite> <!-- gov.sfwmd.Selenium.PumpingSiteStatus.SiteSTAtest -->
