<?xml version="1.0" encoding="UTF-8"?>
<!-- Generated by org.testng.reporters.JUnitReportReporter -->
<testsuite skipped="0" hostname="SianKotha" name="gov.sfwmd.Selenium.NexradData.NexradDataTest" tests="1" failures="0" timestamp="16 Nov 2020 15:35:03 GMT" time="33.360" errors="0">
  <testcase name="data" time="33.360" classname="gov.sfwmd.Selenium.NexradData.NexradDataTest"/>
</testsuite> <!-- gov.sfwmd.Selenium.NexradData.NexradDataTest -->
